<?xml version="1.0" encoding="UTF-8"?>
<testng-results ignored="0" total="1" passed="1" failed="0" skipped="0">
  <reporter-output>
  </reporter-output>
  <suite started-at="2023-04-12T21:54:00 IST" name="Default suite" finished-at="2023-04-12T21:56:59 IST" duration-ms="178869">
    <groups>
    </groups>
    <test started-at="2023-04-12T21:54:00 IST" name="Default test" finished-at="2023-04-12T21:56:59 IST" duration-ms="178869">
      <class name="MainPage.com.product.analytica.Amazon_MainPage">
        <test-method signature="productAnalysis()[pri:0, instance:MainPage.com.product.analytica.Amazon_MainPage@4784efd9]" started-at="2023-04-12T21:54:00 IST" name="productAnalysis" finished-at="2023-04-12T21:56:59 IST" duration-ms="178719" status="PASS">
          <reporter-output>
          </reporter-output>
        </test-method> <!-- productAnalysis -->
        <test-method is-config="true" signature="teardown(org.testng.ITestResult)[pri:0, instance:MainPage.com.product.analytica.Amazon_MainPage@4784efd9]" started-at="2023-04-12T21:56:59 IST" name="teardown" finished-at="2023-04-12T21:56:59 IST" duration-ms="10" status="PASS">
          <params>
            <param index="0">
              <value>
                <![CDATA[[TestResult name=productAnalysis status=SUCCESS method=Amazon_MainPage.productAnalysis()[pri:0, instance:MainPage.com.product.analytica.Amazon_MainPage@4784efd9] output={null}]]]>
              </value>
            </param>
          </params>
          <reporter-output>
          </reporter-output>
        </test-method> <!-- teardown -->
      </class> <!-- MainPage.com.product.analytica.Amazon_MainPage -->
    </test> <!-- Default test -->
  </suite> <!-- Default suite -->
</testng-results>
